Songs
0001 Song 01
0002 Song 02
0003 Song 03
0004 Song 04
0005 Song 05
0006 Song 06
0007 Song 07
0008 Song 08
0009 Song 09
000A Song 0A
000B Song 0B
000C Song 0C
000D Song 0D
000E Song 0E
000F Song 0F
0010 Song 10
0011 Song 11
0012 Song 12
0013 Song 13
0014 Song 14
0015 Song 15
0016 Song 16
0017 Song 17
0018 Song 18
0019 Song 19
001A Song 1A
001B Song 1B
001C Song 1C
001D Song 1D
001E Song 1E
001F Song 1F
0020 Song 20
0021 Song 21
0022 Song 22
0023 Song 23
0024 Song 24
END
ENDFILE