Songs
001A Sound Test 0 (Title)
0028 Sound Test 1 (Menu Screen)
0000 Sound Test 2 (Stage Music)
0015 Sound Test 3 (Stage Music)
000B Sound Test 4 (Stage Music)
0011 Sound Test 5 (Stage Music)
0016 Sound Test 6 (Stage Music)
000C Sound Test 7 (Stage Music)
0012 Sound Test 8 (Stage Music)
000F Sound Test 9 (Stage Music)
0002 Sound Test 10 (Stage Music)
0025 Sound Test 11 (Metaknight Minion Battle)
001E Sound Test 12 (Boss Battle)
0001 Sound Test 13 (Prelude to Victory)
000E Sound Test 14 (Victory)
000D Sound Test 15 (Long Victory)
0027 Sound Test 16 (Arena Battle)
0019 Sound Test 17 (Museum)
0026 Sound Test 18 (King Dedede Battle)
0014 Sound Test 19 ("Classic" Stage Music)
001B Sound Test 20 (?)
001F Sound Test 21 (Fountain Cinema)
0020 Sound Test 22 (Last Stage)
0021 Sound Test 23 (Last Boss Intro)
0022 Sound Test 24 (Last Boss Battle)
0018 Sound Test 25 (Ending)
0003 Sound Test 26 (Death)
0004 Sound Test 27 (Level 1 Background)
0005 Sound Test 28 (Level 2 Background)
0006 Sound Test 29 (Level 3 Background)
0007 Sound Test 30 (Level 4 Background)
0008 Sound Test 31 (Level 5 Background)
0009 Sound Test 32 (Level 6 Background)
000A Sound Test 33 (Level 7 Background)
0023 Sound Test 34 (Samurai Minigame)
002E Sound Test 35 (Bomb Minigame)
002A Sound Test 36 (Race Minigame)
002B Sound Test 37 (Race Minigame Intro)
002C Sound Test 38 (Race Minigame Victory)
0017 Sound Test 39 (Lose Minigame)
001C Sound Test 40 (Win Minigame)
001D Sound Test 41 (First Prize In Minigame)
0013 Sound Test 42 (Invincible)
0010 Sound Test 43 (Game Over)
002F Sound Test 2 (Stage Music - Minus Intro)
0035 Sound Test 3 (Stage Music - Minus Intro)
0030 Sound Test 4 (Stage Music - Minus Intro)
0032 Sound Test 5 (Stage Music - Minus Intro)
0036 Sound Test 6 (Stage Music - Minus Intro)
0031 Sound Test 7 (Stage Music - Minus Intro)
0033 Sound Test 8 (Stage Music - Minus Intro)
0037 Sound Test 9 (Stage Music - Short Intro)
0034 Sound Test 19 ("Classic" Stage - Minus Intro)
END
ENDFILE