Music
019E Introduction
01BA The Pokémon!
019D Title Screen
0195 Littleroot Town
016B Oldale Town
016A Petalburg City
018F Rustboro City
01AB Dewford Town
01B1 Slateport City
018E Verdanturf Town
01B5 Lavaridge Town
017E Fortree City
0198 Lilycove City
01BD Sootopolis City
01A6 Evergrande City
0167 Route Theme 1
0168 Route Theme 2
0169 Route Theme 3
0176 Route Theme 4
0191 Route Theme 5
0192 Route Theme 6
01A2 Route Theme 7
0199 The Sandy Desert
016E Caves and Darkness
017D A Far-away Place
01A9 Riding the Cable Car
0182 Meteor Falls
01B2 The Fog of Mt. Pyre
01B0 Shoal Cave
01AD Victory Road
01B6 Island Cave
0196 Sky Pillar
016D Surfing
0193 Bicycle Ride
019B Underwater Dive
01AF Sailing the Sea
01BB The Flood
01BC Unknown Place
0190 Pokémon Center
0194 PokéMart
016C Gym
01AE Team Hideout
01C0 You're Being Watched!
01C4 Beauty Contest Lobby
0175 Lilycove Museum
0177 Slateport Museum
01B3 Pokémon Trainer School
017F Birch's Lab
01AA Game Corner
0180 Battle Tower
01AC Safari Zone
01B8 Beauty Contest
01BE Berry Blending Results
01A4 Show Me Around
017C Boy Encounter
0197 Girl Encounter
01C1 Kid Encounter
017B Tuber Encounter
0181 Swimmer Encounter
018D Ship Encounter
01C3 Sailor Encounter
01A0 Electric Encounter
01A1 Biker Encounter
01A3 Aqua Encounter
01B9 Magma Encounter
01A7 Psychic Encounter
01C6 Unknown Encounter
01C2 Elite Four Theme
019F May's Theme
01A5 Brendan's Theme
01C5 What's On TV?
019A Help Me!
0188 Unknown Theme 1
01C9 Battle - Wild Pokémon
01D0 Battle - Rival
01CB Battle - Pokémon Trainer
01CC Battle - Gym Leader
01CA Battle - Aqua/Magma
01D2 Battle - Team Leader
01D1 Battle - Elite Four
01CD Battle - Champion Steven
01CE Battle - Regirock, Regice and Registeel
01CF Battle - Legendary Pokémon
0161 Wild Pokemon Defeat w/Intro
0160 Wild Pokemon Defeat
019C Trainer Defeat
0162 Gym Leader Defeat
01A8 Important Defeat
01B7 Important 2 Defeat
0163 Acquired Badge
016F Level Up
0170 Pokemon Healed
0171 Big Victory
0172 Acquired Item
0173 Pokemon Caught
0174 Got TM/HM
0183 Got a Berry
0178 Evolve Intro
0179 Evolving
0184 Unknown Victory 1
0185 Unknown Victory 2
0186 Unknown Victory 3
017A Unknown Victory 4
0187 Pay No Attention!
01BF Hall of Fame
01B4 You're the Champ!
01C7 Ending Credits
01C8 The End!
END
Unused Music
015F GS - Route 38
0165 GS - Saffron City
01D3 GS - Team Rocket (US Only)

0164 Crystal - Pokémon Center
0166 Crystal - Battle with Legendary Dogs
015E Littleroot Town Test "TETSUJI"
0189 Beauty Contest Test 1
018A Beauty Contest Test 2
018B Beauty Contest Test 3
018C Beauty Contest Test 4
END
SFX
0001 KAIFUKU
0002 PC-LOGON
0003 PC-OFF
0004 PC-ON
0005 SELECT
0006 WIN-OPEN
0007 WALL-HIT
0008 DOOR
0009 KAIDAN
000A DANSA
000B JITENSYA
000C KOUKA-L
000D KOUKA-M
000E KOUKA-H
000F BOWA2
0010 POKE-DEAD
0011 NIGERU
0012 JIDO-DOA
0013 NAMINORI
0014 BAN
0015 PIN
0016 BOO
0017 BOWA
0018 JYUNI
0019 A
001A I
001B U
001C E
001D O
001E N
001F SEIKAI
0020 HAZURE
0021 EXP
0022 JITE-PYOKO
0023 MU-PACHI
0024 TK-KASYA
0025 FU-ZAKU
0026 FU-ZAKU2
0027 FU-ZUZUZU
0028 RU-GASHIN
0029 RU-GASYAN
002A RU-BARI
002B RU-HYUU
002C KI-GASYAN
002D TK-WARPIN
002E TK-WARPOUT
002F TU-SAA
0030 HI-TURUN
0031 TRACK-MOVE
0032 TRACK-STOP
0033 TRACK-HAIK
0034 TRACK-DOOR
0035 MOTER
0036 CARD
0037 SAVE
0038 KON
0039 KON2
003A KON3
003B KON4
003C SUIKOMU
003D NAGERU
003E TOY-C
003F TOY-D
0040 TOY-E
0041 TOY-F
0042 TOY-G
0043 TOY-A
0044 TOY-B
0045 TOY-C1
0046 MIZU
0047 HASHI
0048 DAUGI
0049 PINPON
004A FUUSEN1
004B FUUSEN2
004C FUUSEN3
004D TOY-KABE
004E TOY-DANGO
004F DOKU
0050 ESUKA
0051 T-AME
0052 T-AME-E
0053 T-OOAME
0054 T-OOAME-E
0055 T-KOAME
0056 T-KOAME-E
0057 T-KAMI
0058 T-KAMI2
0059 ELEBETA
005A HINSI
005B EXPMAX
005C TAMAKORO
005D TAMAKORO-E
005E BASABASA
005F REGI
0060 C-GAJI
0061 C-MAKU-U
0062 C-MAKU-D
0063 C-PASI
0064 C-SYU
0065 C-PIKON
0066 REAPOKE
0067 OP-BASYU
0068 BT-START
0069 DENDOU
006A JIHANKI
006B TAMA
006C Z-SCROLL
006D Z-PAGE
006E PN-ON
006F PN-OFF
0070 Z-SEARCH
0071 TAMAGO
0072 TB-START
0073 TB-KON
0074 TB-KARA
0075 BIDORO
0076 W085
0077 W085B
0078 W231
0079 W171
007A W233
007B W233B
007C W145
007D W145B
007E W145C
007F W240
0080 W015
0081 W081
0082 W081B
0083 W088
0084 W016
0085 W016B
0086 W003
0087 W104
0088 W013
0089 W196
008A W086
008B W004
008C W025
008D W025B
008E W152
008F W026
0090 W172
0091 W172B
0092 W053
0093 W007
0094 W092
0095 W221
0096 W221B
0097 W052
0098 W036
0099 W059
009A W059B
009B W010
009C W011
009D W017
009E W019
009F W028
00A0 W013B
00A1 W044
00A2 W029
00A3 W057
00A4 W056
00A5 W250
00A6 W030
00A7 W039
00A8 W054
00A9 W077
00AA W020
00AB W082
00AC W047
00AD W195
00AE W006
00AF W091
00B0 W146
00B1 W120
00B2 W153
00B3 W071B
00B4 W071
00B5 W103
00B6 W062
00B7 W062B
00B8 W048
00B9 W187
00BA W118
00BB W155
00BC W122
00BD W060
00BE W185
00BF W014
00C0 W043
00C1 W207
00C2 W207B
00C3 W215
00C4 W109
00C5 W173
00C6 W280
00C7 W202
00C8 W060B
00C9 W076
00CA W080
00CB W100
00CC W107
00CD W166
00CE W129
00CF W115
00D0 W112
00D1 W197
00D2 W199
00D3 W236
00D4 W204
00D5 W268
00D6 W070
00D7 W063
00D8 W127
00D9 W179
00DA W151
00DB W201
00DC W161
00DD W161B
00DE W227
00DF W227B
00E0 W226
00E1 W208
00E2 W213
00E3 W213B
00E4 W234
00E5 W260
00E6 W328
00E7 W320
00E8 W255
00E9 W291
00EA W089
00EB W239
00EC W230
00ED W281
00EE W327
00EF W287
00F0 W257
00F1 W253
00F2 W258
00F3 W322
00F4 W298
00F5 W287B
00F6 W114
00F7 W063B
END
ENDFILE